
> @resq-link/web@0.1.0 build D:\Codes\RESQ-LINK\apps\web
> next build

  ▲ Next.js 14.2.33
  - Environments: .env.local

   Creating an optimized production build ...
 ✓ Compiled successfully
   Linting and checking validity of types ...
   Collecting page data ...
   Generating static pages (0/5) ...
   Generating static pages (1/5) 
   Generating static pages (2/5) 
   Generating static pages (3/5) 
 ✓ Generating static pages (5/5)
   Finalizing page optimization ...
   Collecting build traces ...

Route (app)                              Size     First Load JS
┌ ○ /                                    138 B          87.4 kB
├ ○ /_not-found                          873 B          88.1 kB
└ ○ /incidents                           22.3 kB         110 kB
+ First Load JS shared by all            87.3 kB
  ├ chunks/844-e13031fcb1ec8a20.js       31.7 kB
  ├ chunks/f28872f0-d0361d34828327c9.js  53.6 kB
  └ other shared chunks (total)          1.89 kB


○  (Static)  prerendered as static content

